2014/06/26 04:49:11 [error] [exception.CHttpException.404] exception 'CHttpException' with message 'The system is unable to find the requested action "index".' in C:\xampp\htdocs\yiiproject\framework\web\CController.php:483
Stack trace:
#0 C:\xampp\htdocs\yiiproject\framework\web\CController.php(270): CController->missingAction('')
#1 C:\xampp\htdocs\yiiproject\framework\web\CWebApplication.php(282): CController->run('')
#2 C:\xampp\htdocs\yiiproject\framework\web\CWebApplication.php(141): CWebApplication->runController('test')
#3 C:\xampp\htdocs\yiiproject\framework\base\CApplication.php(180): CWebApplication->processRequest()
#4 C:\xampp\htdocs\yiiproject\app\index.php(13): CApplication->run()
#5 {main}
REQUEST_URI=/yiiproject/app/index.php?r=test
---
2014/06/26 04:56:49 [error] [exception.CHttpException.400] exception 'CHttpException' with message 'Your request is invalid.' in C:\xampp\htdocs\yiiproject\framework\web\CController.php:336
Stack trace:
#0 C:\xampp\htdocs\yiiproject\framework\web\CController.php(309): CController->invalidActionParams(Object(CInlineAction))
#1 C:\xampp\htdocs\yiiproject\framework\web\CController.php(286): CController->runAction(Object(CInlineAction))
#2 C:\xampp\htdocs\yiiproject\framework\web\CController.php(265): CController->runActionWithFilters(Object(CInlineAction), Array)
#3 C:\xampp\htdocs\yiiproject\framework\web\CWebApplication.php(282): CController->run('index')
#4 C:\xampp\htdocs\yiiproject\framework\web\CWebApplication.php(141): CWebApplication->runController('test/index')
#5 C:\xampp\htdocs\yiiproject\framework\base\CApplication.php(180): CWebApplication->processRequest()
#6 C:\xampp\htdocs\yiiproject\app\index.php(13): CApplication->run()
#7 {main}
REQUEST_URI=/yiiproject/app/index.php?r=test/index
---
2014/06/27 06:20:35 [error] [exception.CHttpException.404] exception 'CHttpException' with message 'Unable to resolve the request "hell".' in C:\xampp\htdocs\yiiproject\framework\web\CWebApplication.php:286
Stack trace:
#0 C:\xampp\htdocs\yiiproject\framework\web\CWebApplication.php(141): CWebApplication->runController('hell')
#1 C:\xampp\htdocs\yiiproject\framework\base\CApplication.php(180): CWebApplication->processRequest()
#2 C:\xampp\htdocs\yiiproject\app\index.php(13): CApplication->run()
#3 {main}
REQUEST_URI=/yiiproject/app/index.php?r=hell
---
2014/06/27 06:20:39 [error] [exception.CHttpException.404] exception 'CHttpException' with message 'The system is unable to find the requested action "index".' in C:\xampp\htdocs\yiiproject\framework\web\CController.php:483
Stack trace:
#0 C:\xampp\htdocs\yiiproject\framework\web\CController.php(270): CController->missingAction('')
#1 C:\xampp\htdocs\yiiproject\framework\web\CWebApplication.php(282): CController->run('')
#2 C:\xampp\htdocs\yiiproject\framework\web\CWebApplication.php(141): CWebApplication->runController('hello')
#3 C:\xampp\htdocs\yiiproject\framework\base\CApplication.php(180): CWebApplication->processRequest()
#4 C:\xampp\htdocs\yiiproject\app\index.php(13): CApplication->run()
#5 {main}
REQUEST_URI=/yiiproject/app/index.php?r=hello
---
